<?xml version="1.0" encoding="UTF-8"?>
<testng-results skipped="0" failed="0" total="1" passed="1">
  <reporter-output>
  </reporter-output>
  <suite name="Default suite" duration-ms="675" started-at="2016-05-09T07:45:55Z" finished-at="2016-05-09T07:45:56Z">
    <groups>
    </groups>
    <test name="Default test" duration-ms="675" started-at="2016-05-09T07:45:55Z" finished-at="2016-05-09T07:45:56Z">
      <class name="com.ofs.test.TestNgUserDAOImpl">
        <test-method status="PASS" signature="testLogin()[pri:0, instance:com.ofs.test.TestNgUserDAOImpl@e3cb8e]" name="testLogin" duration-ms="659" started-at="2016-05-09T13:15:55Z" finished-at="2016-05-09T13:15:56Z">
          <reporter-output>
          </reporter-output>
        </test-method> <!-- testLogin -->
      </class> <!-- com.ofs.test.TestNgUserDAOImpl -->
    </test> <!-- Default test -->
  </suite> <!-- Default suite -->
</testng-results>
