<?xml version="1.0" encoding="UTF-8"?>
<testng-results skipped="0" failed="0" total="1" passed="1">
  <reporter-output>
  </reporter-output>
  <suite name="Default suite" duration-ms="593" started-at="2016-05-20T06:13:33Z" finished-at="2016-05-20T06:13:34Z">
    <groups>
    </groups>
    <test name="Default test" duration-ms="593" started-at="2016-05-20T06:13:33Z" finished-at="2016-05-20T06:13:34Z">
      <class name="com.ofs.test.TestNgUserDAOImpl">
        <test-method status="PASS" signature="testcreate(java.lang.String)[pri:0, instance:com.ofs.test.TestNgUserDAOImpl@1e64738]" name="testcreate" duration-ms="577" started-at="2016-05-20T11:43:33Z" data-provider="productadd" finished-at="2016-05-20T11:43:34Z">
          <params>
            <param index="0">
              <value>
                <![CDATA[{ "cId": 3 ," productName " : " HE MAN ", " productPrice ": 200, " productQty ": 200, " productDiscount " : 5 }]]>
              </value>
            </param>
          </params>
          <reporter-output>
          </reporter-output>
        </test-method> <!-- testcreate -->
      </class> <!-- com.ofs.test.TestNgUserDAOImpl -->
    </test> <!-- Default test -->
  </suite> <!-- Default suite -->
</testng-results>
